<?xml version="1.0" encoding="UTF-8"?>
<!-- Generated by org.testng.reporters.JUnitReportReporter -->
<testsuite skipped="1" hostname="DESKTOP-ICKQOFK" name="files.DynamicJson" tests="1" failures="0" timestamp="05 Aug 2020 12:32:14 GMT" time="0.000" errors="0">
  <testcase name="addBook" time="0.000" classname="files.DynamicJson">
    <skipped/>
  </testcase> <!-- addBook -->
</testsuite> <!-- files.DynamicJson -->
