<?xml version="1.0" encoding="UTF-8"?>
<!-- Generated by org.testng.reporters.JUnitReportReporter -->
<testsuite skipped="0" hostname="DESKTOP-ICKQOFK" name="files.SumValidation" tests="1" failures="0" timestamp="05 Aug 2020 11:14:33 GMT" time="3.771" errors="0">
  <testcase name="sumOfCourses" time="3.771" classname="files.SumValidation"/>
</testsuite> <!-- files.SumValidation -->
